<?xml version="1.0" encoding="UTF-8"?>
<!-- Generated by org.testng.reporters.JUnitXMLReporter -->
<testsuite ignored="0" hostname="LAPTOP-NRIGI41U" failures="0" tests="5" name="Test" time="79.084" errors="0" timestamp="2024-03-20T00:39:46 IST">
  <testcase classname="testCases.TC_001_AccountRegistrationTest" name="verify_account_registration" time="4.941"/>
  <testcase classname="testCases.TC_002_LoginTest" name="verify_login" time="2.358"/>
  <testcase classname="testCases.TC_004_SearchProductTest" name="verify_pruductSearch" time="4.956"/>
  <testcase classname="testCases.TC_005_AddToCartPageTest" name="verify_addToCart" time="4.57"/>
  <testcase classname="testCases.TC_006_EndToEndTest" name="endToendTest" time="45.326"/>
</testsuite> <!-- Test -->
